<?xml version="1.0" encoding="UTF-8"?>
<testsuite xmlns:xsi="http://www.w3.org/2001/XMLSchema-instance" xsi:noNamespaceSchemaLocation="https://maven.apache.org/surefire/maven-surefire-plugin/xsd/surefire-test-report.xsd" name="com.easemob.im.server.EMPropertiesTest" time="0.001" tests="10" errors="0" skipped="0" failures="0">
  <properties>
[...]
</properties>
  <testcase name="testInvalidClientIdOfEmpty" classname="com.easemob.im.server.EMPropertiesTest" time="0"/>
  <testcase name="testNotSettingAppkey" classname="com.easemob.im.server.EMPropertiesTest" time="0"/>
  <testcase name="testNotSettingClientSecret" classname="com.easemob.im.server.EMPropertiesTest" time="0"/>
  <testcase name="testInvalidClientSecretOfEmpty" classname="com.easemob.im.server.EMPropertiesTest" time="0"/>
  <testcase name="testInvalidClientSecretOfNull" classname="com.easemob.im.server.EMPropertiesTest" time="0"/>
  <testcase name="testNotSettingClientId" classname="com.easemob.im.server.EMPropertiesTest" time="0"/>
  <testcase name="testBuildEMPropertiesSuccessfully" classname="com.easemob.im.server.EMPropertiesTest" time="0"/>
  <testcase name="testInvalidAppkeyOfEmpty" classname="com.easemob.im.server.EMPropertiesTest" time="0"/>
  <testcase name="testInvalidAppkeyOfNull" classname="com.easemob.im.server.EMPropertiesTest" time="0"/>
  <testcase name="testInvalidClientIdOfNull" classname="com.easemob.im.server.EMPropertiesTest" time="0"/>
</testsuite>